<?xml version="1.0" encoding="UTF-8"?>
<!-- Generated by org.testng.reporters.JUnitXMLReporter -->
<testsuite hostname="liuzw-PC-58" name="Command line test" tests="19" failures="0" timestamp="9 May 2013 07:18:53 GMT" time="0.091" errors="0">
  <testcase name="testBoth" time="0.025" classname="com.bj58.argo.ArgoExceptionTest"/>
  <testcase name="testCause" time="0.0010" classname="com.bj58.argo.ArgoExceptionTest"/>
  <testcase name="testContext" time="0.0010" classname="com.bj58.argo.ArgoExceptionTest"/>
  <testcase name="testMessage" time="0.0010" classname="com.bj58.argo.ArgoExceptionTest"/>
  <testcase name="testInit" time="0.0010" classname="com.bj58.argo.ArgoFilterTest"/>
  <testcase name="testAnnotation" time="0.0010" classname="com.bj58.argo.learn.ClassTest"/>
  <testcase name="testField" time="0.0020" classname="com.bj58.argo.learn.ClassTest"/>
  <testcase name="test" time="0.0050" classname="learn.ExceptionTest"/>
  <testcase name="testContain" time="0.0020" classname="com.bj58.argo.learn.FileTest"/>
  <testcase name="testMore" time="0.0010" classname="com.bj58.argo.utils.OnlyOnceConditionTest"/>
  <testcase name="testOnlyOnce" time="0.0010" classname="com.bj58.argo.utils.OnlyOnceConditionTest"/>
  <testcase name="test" time="0.0090" classname="com.bj58.argo.route.PathMatcherTest"/>
  <testcase name="testPathMatch" time="0.0010" classname="com.bj58.argo.route.PathMatcherTest"/>
  <testcase name="testCombine" time="0.0010" classname="com.bj58.argo.utils.PathUtilsTest"/>
  <testcase name="testContains" time="0.0010" classname="com.bj58.argo.utils.PathUtilsTest"/>
  <testcase name="testConventPath" time="0.0020" classname="com.bj58.argo.utils.PathUtilsTest"/>
  <testcase name="testRelativePath" time="0.0010" classname="com.bj58.argo.utils.PathUtilsTest"/>
  <testcase name="testSimplyPath" time="0.0020" classname="com.bj58.argo.utils.PathUtilsTest"/>
  <testcase name="testSimplyWithoutPrefix" time="0.0010" classname="com.bj58.argo.utils.PathUtilsTest"/>
</testsuite> <!-- Command line test -->
