<?xml version="1.0" encoding="UTF-8" ?>
<testsuite failures="0" time="0.061" errors="0" skipped="0" tests="19" name="TestSuite">
  <properties>
[...]
</properties>
  <testcase time="0.026" classname="com.bj58.argo.ArgoExceptionTest" name="testBoth"/>
  <testcase time="0" classname="com.bj58.argo.ArgoExceptionTest" name="testCause"/>
  <testcase time="0" classname="com.bj58.argo.ArgoExceptionTest" name="testContext"/>
  <testcase time="0" classname="com.bj58.argo.ArgoExceptionTest" name="testMessage"/>
  <testcase time="0" classname="com.bj58.argo.ArgoFilterTest" name="testInit"/>
  <testcase time="0.001" classname="com.bj58.argo.learn.ClassTest" name="testAnnotation"/>
  <testcase time="0.002" classname="com.bj58.argo.learn.ClassTest" name="testField"/>
  <testcase time="0.004" classname="learn.ExceptionTest" name="test"/>
  <testcase time="0.002" classname="com.bj58.argo.learn.FileTest" name="testContain"/>
  <testcase time="0.002" classname="com.bj58.argo.utils.OnlyOnceConditionTest" name="testMore"/>
  <testcase time="0" classname="com.bj58.argo.utils.OnlyOnceConditionTest" name="testOnlyOnce"/>
  <testcase time="0.01" classname="com.bj58.argo.route.PathMatcherTest" name="test"/>
  <testcase time="0.001" classname="com.bj58.argo.route.PathMatcherTest" name="testPathMatch"/>
  <testcase time="0.002" classname="com.bj58.argo.utils.PathUtilsTest" name="testCombine"/>
  <testcase time="0.004" classname="com.bj58.argo.utils.PathUtilsTest" name="testContains"/>
  <testcase time="0.002" classname="com.bj58.argo.utils.PathUtilsTest" name="testConventPath"/>
  <testcase time="0.001" classname="com.bj58.argo.utils.PathUtilsTest" name="testRelativePath"/>
  <testcase time="0.004" classname="com.bj58.argo.utils.PathUtilsTest" name="testSimplyPath"/>
  <testcase time="0" classname="com.bj58.argo.utils.PathUtilsTest" name="testSimplyWithoutPrefix"/>
</testsuite>